<?xml version="1.0" encoding="UTF-8"?>
<testng-results ignored="0" total="3" passed="3" failed="0" skipped="0">
  <reporter-output>
  </reporter-output>
  <suite started-at="2023-06-03T16:09:16 PDT" name="Suite" finished-at="2023-06-03T16:09:24 PDT" duration-ms="7961">
    <groups>
    </groups>
    <test started-at="2023-06-03T16:09:16 PDT" name="Test" finished-at="2023-06-03T16:09:24 PDT" duration-ms="7961">
      <class name="com.sdet.AppTest">
        <test-method signature="testlogin1()[pri:0, instance:com.sdet.AppTest@4313f5bc]" started-at="2023-06-03T16:09:16 PDT" name="testlogin1" finished-at="2023-06-03T16:09:16 PDT" duration-ms="21" status="PASS">
          <reporter-output>
          </reporter-output>
        </test-method> <!-- testlogin1 -->
        <test-method signature="testlogin2()[pri:0, instance:com.sdet.AppTest@4313f5bc]" started-at="2023-06-03T16:09:16 PDT" name="testlogin2" finished-at="2023-06-03T16:09:16 PDT" duration-ms="2" status="PASS">
          <reporter-output>
          </reporter-output>
        </test-method> <!-- testlogin2 -->
      </class> <!-- com.sdet.AppTest -->
      <class name="com.sdet.loginTest">
        <test-method signature="login_Test()[pri:0, instance:com.sdet.loginTest@7f010382]" started-at="2023-06-03T16:09:16 PDT" name="login_Test" finished-at="2023-06-03T16:09:24 PDT" duration-ms="7901" status="PASS">
          <reporter-output>
          </reporter-output>
        </test-method> <!-- login_Test -->
      </class> <!-- com.sdet.loginTest -->
    </test> <!-- Test -->
  </suite> <!-- Suite -->
</testng-results>
