<?xml version="1.0" encoding="UTF-8"?>
<testng-results ignored="0" total="1" passed="1" failed="0" skipped="0">
  <reporter-output>
  </reporter-output>
  <suite started-at="2023-06-04T23:59:17 PDT" name="Default suite" finished-at="2023-06-04T23:59:21 PDT" duration-ms="4103">
    <groups>
    </groups>
    <test started-at="2023-06-04T23:59:17 PDT" name="Default test" finished-at="2023-06-04T23:59:21 PDT" duration-ms="4103">
      <class name="com.sdet.GoogleTest">
        <test-method signature="loginTest()[pri:0, instance:com.sdet.GoogleTest@6eda5c9]" started-at="2023-06-04T23:59:17 PDT" name="loginTest" finished-at="2023-06-04T23:59:21 PDT" duration-ms="4058" status="PASS">
          <reporter-output>
          </reporter-output>
        </test-method> <!-- loginTest -->
      </class> <!-- com.sdet.GoogleTest -->
    </test> <!-- Default test -->
  </suite> <!-- Default suite -->
</testng-results>
