<?xml version="1.0" encoding="UTF-8"?>
<testng-results ignored="0" total="3" passed="3" failed="0" skipped="0">
  <reporter-output>
  </reporter-output>
  <suite started-at="2023-06-05T00:02:06 PDT" name="Suite" finished-at="2023-06-05T00:02:10 PDT" duration-ms="3491">
    <groups>
    </groups>
    <test started-at="2023-06-05T00:02:06 PDT" name="Test" finished-at="2023-06-05T00:02:10 PDT" duration-ms="3491">
      <class name="com.sdet.AppTest">
        <test-method signature="testlogin1()[pri:0, instance:com.sdet.AppTest@769f71a9]" started-at="2023-06-05T00:02:06 PDT" name="testlogin1" finished-at="2023-06-05T00:02:06 PDT" duration-ms="16" status="PASS">
          <reporter-output>
          </reporter-output>
        </test-method> <!-- testlogin1 -->
        <test-method signature="testlogin2()[pri:0, instance:com.sdet.AppTest@769f71a9]" started-at="2023-06-05T00:02:06 PDT" name="testlogin2" finished-at="2023-06-05T00:02:06 PDT" duration-ms="1" status="PASS">
          <reporter-output>
          </reporter-output>
        </test-method> <!-- testlogin2 -->
      </class> <!-- com.sdet.AppTest -->
      <class name="com.sdet.GoogleTest">
        <test-method signature="loginTest()[pri:0, instance:com.sdet.GoogleTest@3c419631]" started-at="2023-06-05T00:02:06 PDT" name="loginTest" finished-at="2023-06-05T00:02:10 PDT" duration-ms="3413" status="PASS">
          <reporter-output>
          </reporter-output>
        </test-method> <!-- loginTest -->
      </class> <!-- com.sdet.GoogleTest -->
    </test> <!-- Test -->
  </suite> <!-- Suite -->
</testng-results>
